0 info it worked if it ends with ok
1 verbose cli [ '/usr/local/bin/node',
1 verbose cli   '/usr/local/bin/npm',
1 verbose cli   'install',
1 verbose cli   '-g',
1 verbose cli   'typescript' ]
2 info using npm@3.8.0
3 info using node@v4.2.4
4 silly loadCurrentTree Starting
5 silly install loadCurrentTree
6 silly install readGlobalPackageData
7 silly fetchPackageMetaData typescript
8 silly fetchNamedPackageData typescript
9 silly mapToRegistry name typescript
10 silly mapToRegistry using default registry
11 silly mapToRegistry registry https://registry.npmjs.org/
12 silly mapToRegistry uri https://registry.npmjs.org/typescript
13 verbose request uri https://registry.npmjs.org/typescript
14 verbose request no auth needed
15 info attempt registry request try #1 at 6:49:06 PM
16 verbose request id 25320269ac32cc13
17 verbose etag "BXSUR1TE2QSRREAGWQ6KICGAA"
18 http request GET https://registry.npmjs.org/typescript
19 http 200 https://registry.npmjs.org/typescript
20 verbose headers { server: 'CouchDB/1.5.0 (Erlang OTP/R16B03)',
20 verbose headers   etag: '"4PY83TALZHR2HTEGF07CKOPPB"',
20 verbose headers   'content-type': 'application/json',
20 verbose headers   'cache-control': 'max-age=300',
20 verbose headers   'content-length': '413520',
20 verbose headers   'accept-ranges': 'bytes',
20 verbose headers   date: 'Thu, 10 Mar 2016 00:49:07 GMT',
20 verbose headers   via: '1.1 varnish',
20 verbose headers   age: '239',
20 verbose headers   connection: 'keep-alive',
20 verbose headers   'x-served-by': 'cache-ord1742-ORD',
20 verbose headers   'x-cache': 'HIT',
20 verbose headers   'x-cache-hits': '1',
20 verbose headers   'x-timer': 'S1457570947.384608,VS0,VE1',
20 verbose headers   vary: 'Accept' }
21 silly get cb [ 200,
21 silly get   { server: 'CouchDB/1.5.0 (Erlang OTP/R16B03)',
21 silly get     etag: '"4PY83TALZHR2HTEGF07CKOPPB"',
21 silly get     'content-type': 'application/json',
21 silly get     'cache-control': 'max-age=300',
21 silly get     'content-length': '413520',
21 silly get     'accept-ranges': 'bytes',
21 silly get     date: 'Thu, 10 Mar 2016 00:49:07 GMT',
21 silly get     via: '1.1 varnish',
21 silly get     age: '239',
21 silly get     connection: 'keep-alive',
21 silly get     'x-served-by': 'cache-ord1742-ORD',
21 silly get     'x-cache': 'HIT',
21 silly get     'x-cache-hits': '1',
21 silly get     'x-timer': 'S1457570947.384608,VS0,VE1',
21 silly get     vary: 'Accept' } ]
22 verbose get saving typescript to /Users/marquezgon/.npm/registry.npmjs.org/typescript/.cache.json
23 verbose correctMkdir /Users/marquezgon/.npm correctMkdir not in flight; initializing
24 silly install normalizeTree
25 silly loadCurrentTree Finishing
26 silly loadIdealTree Starting
27 silly install loadIdealTree
28 silly cloneCurrentTree Starting
29 silly install cloneCurrentTreeToIdealTree
30 silly cloneCurrentTree Finishing
31 silly loadShrinkwrap Starting
32 silly install loadShrinkwrap
33 silly loadShrinkwrap Finishing
34 silly loadAllDepsIntoIdealTree Starting
35 silly install loadAllDepsIntoIdealTree
36 silly resolveWithNewModule typescript@1.8.7 checking installable status
37 silly cache add args [ 'typescript', null ]
38 verbose cache add spec typescript
39 silly cache add parsed spec Result {
39 silly cache add   raw: 'typescript',
39 silly cache add   scope: null,
39 silly cache add   name: 'typescript',
39 silly cache add   rawSpec: '',
39 silly cache add   spec: 'latest',
39 silly cache add   type: 'tag' }
40 silly addNamed typescript@latest
41 verbose addNamed "latest" is being treated as a dist-tag for typescript
42 info addNameTag [ 'typescript', 'latest' ]
43 silly mapToRegistry name typescript
44 silly mapToRegistry using default registry
45 silly mapToRegistry registry https://registry.npmjs.org/
46 silly mapToRegistry uri https://registry.npmjs.org/typescript
47 verbose addNameTag registry:https://registry.npmjs.org/typescript not in flight; fetching
48 verbose get https://registry.npmjs.org/typescript not expired, no request
49 silly addNameTag next cb for typescript with tag latest
50 silly addNamed typescript@1.8.7
51 verbose addNamed "1.8.7" is a plain semver version for typescript
52 silly cache afterAdd typescript@1.8.7
53 verbose afterAdd /Users/marquezgon/.npm/typescript/1.8.7/package/package.json not in flight; writing
54 verbose correctMkdir /Users/marquezgon/.npm correctMkdir not in flight; initializing
55 verbose afterAdd /Users/marquezgon/.npm/typescript/1.8.7/package/package.json written
56 silly loadAllDepsIntoIdealTree Finishing
57 silly idealTree:prePrune lib
57 silly idealTree:prePrune └── typescript@1.8.7
58 silly loadIdealTree Finishing
59 silly currentTree lib
59 silly currentTree └── typescript@1.8.7
60 silly idealTree lib
60 silly idealTree └── typescript@1.8.7
61 silly generateActionsToTake Starting
62 silly install generateActionsToTake
63 warn checkPermissions Missing write access to /usr/local/lib/node_modules/typescript
64 warn checkPermissions Missing write access to /usr/local/lib/node_modules
65 silly rollbackFailedOptional Starting
66 silly rollbackFailedOptional Finishing
67 silly runTopLevelLifecycles Starting
68 silly runTopLevelLifecycles Finishing
69 silly install printInstalled
70 verbose stack Error: EACCES: permission denied, access '/usr/local/lib/node_modules/typescript'
70 verbose stack     at Error (native)
71 verbose cwd /Users/marquezgon/Documents/Code/Angular/firstapp
72 error Darwin 14.5.0
73 error argv "/usr/local/bin/node" "/usr/local/bin/npm" "install" "-g" "typescript"
74 error node v4.2.4
75 error npm  v3.8.0
76 error path /usr/local/lib/node_modules/typescript
77 error code EACCES
78 error errno -13
79 error syscall access
80 error Error: EACCES: permission denied, access '/usr/local/lib/node_modules/typescript'
80 error     at Error (native)
80 error  { [Error: EACCES: permission denied, access '/usr/local/lib/node_modules/typescript']
80 error   errno: -13,
80 error   code: 'EACCES',
80 error   syscall: 'access',
80 error   path: '/usr/local/lib/node_modules/typescript' }
81 error Please try running this command again as root/Administrator.
82 verbose exit [ -13, true ]
